<?xml version="1.0" encoding="UTF-8"?>
<!-- Generated by org.testng.reporters.JUnitReportReporter -->
<testsuite hostname="ACE" failures="0" tests="2" name="testng.TestNG_8_Run_TCs_XML_File" time="4.826" errors="0" timestamp="2024-12-18T17:18:56 IST" skipped="0">
  <testcase classname="testng.TestNG_8_Run_TCs_XML_File" name="google" time="1.637"/>
  <system-out/>
  <testcase classname="testng.TestNG_8_Run_TCs_XML_File" name="selenium" time="3.189"/>
  <system-out/>
</testsuite> <!-- testng.TestNG_8_Run_TCs_XML_File -->
