<?xml version="1.0" encoding="UTF-8"?>
<!-- Generated by org.testng.reporters.JUnitReportReporter -->
<testsuite hostname="ACE" failures="0" tests="1" name="alerts.Git" time="0.008" errors="0" timestamp="2024-12-28T08:17:48 IST" skipped="0">
  <testcase classname="alerts.Git" name="demo" time="0.008"/>
  <system-out/>
</testsuite> <!-- alerts.Git -->
