<?xml version="1.0" encoding="UTF-8"?>
<!-- Generated by org.testng.reporters.JUnitReportReporter -->
<testsuite hostname="ACE" failures="0" tests="2" name="tabshandling.NewTabs" time="43.393" errors="0" timestamp="2024-12-19T16:50:47 IST" skipped="1">
  <testcase classname="tabshandling.NewTabs" name="newtabfeature" time="43.393"/>
  <system-out/>
  <testcase classname="tabshandling.NewTabs" name="navigation">
    <skipped/>
  </testcase> <!-- navigation -->
  <system-out/>
</testsuite> <!-- tabshandling.NewTabs -->
