<?xml version="1.0" encoding="UTF-8"?>
<!-- Generated by org.testng.reporters.JUnitReportReporter -->
<testsuite hostname="ACE" failures="0" tests="2" name="testng.TestNG_9_Groups_Regression_Smoke" time="54.888" errors="0" timestamp="2024-12-18T17:45:06 IST" skipped="0">
  <testcase classname="testng.TestNG_9_Groups_Regression_Smoke" name="jira" time="33.880"/>
  <system-out/>
  <testcase classname="testng.TestNG_9_Groups_Regression_Smoke" name="swiggy" time="21.008"/>
  <system-out/>
</testsuite> <!-- testng.TestNG_9_Groups_Regression_Smoke -->
