<?xml version="1.0" encoding="UTF-8"?>
<!-- Generated by org.testng.reporters.JUnitReportReporter -->
<testsuite hostname="ACE" failures="0" tests="2" name="testng.TestNG_5_DependsOnMethods" time="4.992" errors="0" timestamp="2024-12-20T14:38:19 IST" skipped="0">
  <testcase classname="testng.TestNG_5_DependsOnMethods" name="method2" time="4.743"/>
  <system-out/>
  <testcase classname="testng.TestNG_5_DependsOnMethods" name="method1" time="0.249"/>
  <system-out/>
</testsuite> <!-- testng.TestNG_5_DependsOnMethods -->
