<?xml version="1.0" encoding="UTF-8"?>
<!-- Generated by org.testng.reporters.JUnitReportReporter -->
<testsuite hostname="ACE" failures="0" tests="1" name="log4j.Log4j" time="5.017" errors="0" timestamp="2024-12-22T08:19:41 IST" skipped="0">
  <testcase classname="log4j.Log4j" name="googlesearch" time="5.017"/>
  <system-out/>
</testsuite> <!-- log4j.Log4j -->
