<?xml version="1.0" encoding="UTF-8"?>
<!-- Generated by org.testng.reporters.JUnitReportReporter -->
<testsuite hostname="ACE" failures="0" tests="21" name="testng.TestNG_11_CrossBrowserTesting" time="75.946" errors="0" timestamp="2024-12-18T18:06:19 IST" skipped="0">
  <testcase classname="testng.TestNG_11_CrossBrowserTesting" name="googletechlearn" time="2.843"/>
  <system-out/>
  <testcase classname="testng.TestNG_11_CrossBrowserTesting" name="facebook" time="3.034"/>
  <system-out/>
  <testcase classname="testng.TestNG_11_CrossBrowserTesting" name="googlesearch" time="3.312"/>
  <system-out/>
  <testcase classname="testng.TestNG_11_CrossBrowserTesting" name="googletest" time="3.455"/>
  <system-out/>
  <testcase classname="testng.TestNG_11_CrossBrowserTesting" name="googletechlearn" time="3.651"/>
  <system-out/>
  <testcase classname="testng.TestNG_11_CrossBrowserTesting" name="selenium" time="4.486"/>
  <system-out/>
  <testcase classname="testng.TestNG_11_CrossBrowserTesting" name="googletest" time="3.551"/>
  <system-out/>
  <testcase classname="testng.TestNG_11_CrossBrowserTesting" name="googlesearch" time="2.925"/>
  <system-out/>
  <testcase classname="testng.TestNG_11_CrossBrowserTesting" name="googlesearch" time="3.187"/>
  <system-out/>
  <testcase classname="testng.TestNG_11_CrossBrowserTesting" name="googleSelenium" time="4.318"/>
  <system-out/>
  <testcase classname="testng.TestNG_11_CrossBrowserTesting" name="googletest" time="3.107"/>
  <system-out/>
  <testcase classname="testng.TestNG_11_CrossBrowserTesting" name="googleSelenium" time="4.662"/>
  <system-out/>
  <testcase classname="testng.TestNG_11_CrossBrowserTesting" name="selenium" time="3.376"/>
  <system-out/>
  <testcase classname="testng.TestNG_11_CrossBrowserTesting" name="googletestBeng" time="3.456"/>
  <system-out/>
  <testcase classname="testng.TestNG_11_CrossBrowserTesting" name="facebook" time="3.266"/>
  <system-out/>
  <testcase classname="testng.TestNG_11_CrossBrowserTesting" name="googletestBeng" time="3.509"/>
  <system-out/>
  <testcase classname="testng.TestNG_11_CrossBrowserTesting" name="googletechlearn" time="3.958"/>
  <system-out/>
  <testcase classname="testng.TestNG_11_CrossBrowserTesting" name="googletestBeng" time="3.502"/>
  <system-out/>
  <testcase classname="testng.TestNG_11_CrossBrowserTesting" name="selenium" time="3.675"/>
  <system-out/>
  <testcase classname="testng.TestNG_11_CrossBrowserTesting" name="googleSelenium" time="4.652"/>
  <system-out/>
  <testcase classname="testng.TestNG_11_CrossBrowserTesting" name="facebook" time="4.021"/>
  <system-out/>
</testsuite> <!-- testng.TestNG_11_CrossBrowserTesting -->
