<?xml version="1.0" encoding="UTF-8"?>
<!-- Generated by org.testng.reporters.JUnitReportReporter -->
<testsuite hostname="ACE" failures="0" tests="8" name="testng.TestNG_1_TestCase_Execution_Alphabatical_Order" time="87.902" errors="0" timestamp="2024-12-18T17:31:43 IST" skipped="0">
  <testcase classname="testng.TestNG_1_TestCase_Execution_Alphabatical_Order" name="facebook" time="1.304"/>
  <system-out/>
  <testcase classname="testng.TestNG_1_TestCase_Execution_Alphabatical_Order" name="google" time="1.652"/>
  <system-out/>
  <testcase classname="testng.TestNG_1_TestCase_Execution_Alphabatical_Order" name="selenium" time="1.145"/>
  <system-out/>
  <testcase classname="testng.TestNG_1_TestCase_Execution_Alphabatical_Order" name="zomato" time="11.583"/>
  <system-out/>
  <testcase classname="testng.TestNG_1_TestCase_Execution_Alphabatical_Order" name="redmine" time="3.121"/>
  <system-out/>
  <testcase classname="testng.TestNG_1_TestCase_Execution_Alphabatical_Order" name="jira" time="35.663"/>
  <system-out/>
  <testcase classname="testng.TestNG_1_TestCase_Execution_Alphabatical_Order" name="swiggy" time="28.123"/>
  <system-out/>
  <testcase classname="testng.TestNG_1_TestCase_Execution_Alphabatical_Order" name="twitter" time="5.311"/>
  <system-out/>
</testsuite> <!-- testng.TestNG_1_TestCase_Execution_Alphabatical_Order -->
