<?xml version="1.0" encoding="UTF-8"?>
<!-- Generated by org.testng.reporters.JUnitReportReporter -->
<testsuite hostname="ACE" failures="0" tests="8" name="testng.TestNG_2_TestCase_Priority_Order" time="76.476" errors="0" timestamp="2024-12-17T13:16:54 IST" skipped="0">
  <testcase classname="testng.TestNG_2_TestCase_Priority_Order" name="twitter" time="5.352"/>
  <system-out/>
  <testcase classname="testng.TestNG_2_TestCase_Priority_Order" name="selenium" time="1.324"/>
  <system-out/>
  <testcase classname="testng.TestNG_2_TestCase_Priority_Order" name="jira" time="29.281"/>
  <system-out/>
  <testcase classname="testng.TestNG_2_TestCase_Priority_Order" name="swiggy" time="3.031"/>
  <system-out/>
  <testcase classname="testng.TestNG_2_TestCase_Priority_Order" name="google" time="1.955"/>
  <system-out/>
  <testcase classname="testng.TestNG_2_TestCase_Priority_Order" name="redmine" time="29.235"/>
  <system-out/>
  <testcase classname="testng.TestNG_2_TestCase_Priority_Order" name="zomato" time="5.100"/>
  <system-out/>
  <testcase classname="testng.TestNG_2_TestCase_Priority_Order" name="facebook" time="1.198"/>
  <system-out/>
</testsuite> <!-- testng.TestNG_2_TestCase_Priority_Order -->
