<?xml version="1.0" encoding="UTF-8"?>
<!-- Generated by org.testng.reporters.JUnitReportReporter -->
<testsuite hostname="ACE" failures="0" tests="6" name="testng.TestNG_3_Skip_Ignore_Disabled" time="8.645" errors="0" timestamp="2024-12-17T13:19:08 IST" skipped="2">
  <testcase classname="testng.TestNG_3_Skip_Ignore_Disabled" name="twitter" time="4.916"/>
  <system-out/>
  <testcase classname="testng.TestNG_3_Skip_Ignore_Disabled" name="selenium" time="1.046"/>
  <system-out/>
  <testcase classname="testng.TestNG_3_Skip_Ignore_Disabled" name="google" time="1.706"/>
  <system-out/>
  <testcase classname="testng.TestNG_3_Skip_Ignore_Disabled" name="facebook" time="0.977"/>
  <system-out/>
  <testcase classname="testng.TestNG_3_Skip_Ignore_Disabled" name="jira">
    <skipped/>
  </testcase> <!-- jira -->
  <system-out/>
  <testcase classname="testng.TestNG_3_Skip_Ignore_Disabled" name="swiggy">
    <skipped/>
  </testcase> <!-- swiggy -->
  <system-out/>
</testsuite> <!-- testng.TestNG_3_Skip_Ignore_Disabled -->
