<?xml version="1.0" encoding="UTF-8"?>
<!-- Generated by org.testng.reporters.JUnitReportReporter -->
<testsuite hostname="ACE" failures="0" tests="8" name="testng.TestNG_7_InvocationCount" time="33.609" errors="0" timestamp="2024-12-18T17:31:43 IST" skipped="0">
  <testcase classname="testng.TestNG_7_InvocationCount" name="method2" time="3.331"/>
  <system-out/>
  <testcase classname="testng.TestNG_7_InvocationCount" name="method2" time="3.713"/>
  <system-out/>
  <testcase classname="testng.TestNG_7_InvocationCount" name="method3" time="4.184"/>
  <system-out/>
  <testcase classname="testng.TestNG_7_InvocationCount" name="method2" time="3.666"/>
  <system-out/>
  <testcase classname="testng.TestNG_7_InvocationCount" name="method1" time="5.345"/>
  <system-out/>
  <testcase classname="testng.TestNG_7_InvocationCount" name="method4" time="4.318"/>
  <system-out/>
  <testcase classname="testng.TestNG_7_InvocationCount" name="method2" time="4.328"/>
  <system-out/>
  <testcase classname="testng.TestNG_7_InvocationCount" name="method2" time="4.724"/>
  <system-out/>
</testsuite> <!-- testng.TestNG_7_InvocationCount -->
